TIME =  0.26352E+07 NSTEP =       129601

 SPECIES   MOLECULES/CM^3  PPB
O1D        2.27957E-03 4.95042E-13
O          9.86543E+03 2.14243E-06
OH         3.69392E+05 8.02190E-05
NO2        3.13362E+06 6.80514E-04
NO3        2.39584E+01 5.20292E-09
O3         1.61529E+11 3.50785E+01
N2O5       3.14693E+04 6.83402E-06
NO         8.57211E+06 1.86156E-03
HO2        2.61982E+07 5.68934E-03
H2         1.06550E+10 2.31389E+00
CO         3.67418E+11 7.97902E+01
H2O2       3.14046E+09 6.81998E-01
HONO       5.75271E+04 1.24929E-05
HNO3       1.51723E+06 3.29488E-04
HO2NO2     8.00509E+06 1.73842E-03
SO2        0.00000E+00 0.00000E+00
SO3        0.00000E+00 0.00000E+00
HSO3       0.00000E+00 0.00000E+00
NA         2.76663E+08 6.00815E-02
SA         0.00000E+00 0.00000E+00
CH4        7.74229E+12 1.68135E+03
CH3O2      1.53009E+07 3.32281E-03
C2H6       9.92985E+08 2.15642E-01
C2H5O2     8.49135E+04 1.84402E-05
C3H8       3.30458E+07 7.17639E-03
IC3H7O2    5.03891E+03 1.09427E-06
RN10O2     2.54628E+03 5.52962E-07
NC4H10     5.13941E+06 1.11610E-03
RN13O2     4.34489E+03 9.43559E-07
C2H4       6.96002E-01 1.51147E-10
HOCH2CH2O2 9.82455E+02 2.13355E-07
C3H6       3.18936E-20 6.92617E-30
RN9O2      6.62989E+00 1.43978E-09
TBUT2ENE   4.78735E-86 1.03965E-95
RN12O2     7.68725E-02 1.66940E-11
NRN6O2     1.87212E-07 4.06558E-17
NRN9O2     2.85727E-25 6.20499E-35
NRN12O2    1.74283E-89 3.78481E-99
HCHO       2.96888E+08 6.44736E-02
HCOOH      2.86125E+07 6.21364E-03
CH3CO2H    1.43249E+03 3.11087E-07
CH3CHO     7.59591E+06 1.64957E-03
C5H8       6.27827E-94 1.36342-103
RU14O2     2.10543E-95 4.57226-105
NRU14O2    1.59242E-97 3.45818-107
UCARB10    9.10680E-01 1.97768E-10
APINENE    0.00000E+00 0.00000E+00
RTN28O2    0.00000E+00 0.00000E+00
NRTN28O2   0.00000E+00 0.00000E+00
RTN26O2    0.00000E+00 0.00000E+00
TNCARB26   0.00000E+00 0.00000E+00
RCOOH25    0.00000E+00 0.00000E+00
BPINENE    0.00000E+00 0.00000E+00
RTX28O2    0.00000E+00 0.00000E+00
NRTX28O2   0.00000E+00 0.00000E+00
RTX24O2    0.00000E+00 0.00000E+00
TXCARB24   0.00000E+00 0.00000E+00
TXCARB22   0.00000E+00 0.00000E+00
C2H2       1.03767E+08 2.25345E-02
CARB3      1.65104E+06 3.58548E-04
BENZENE    9.34850E+06 2.03017E-03
RA13O2     1.05383E+03 2.28855E-07
AROH14     1.98844E+05 4.31820E-05
TOLUENE    1.26421E+01 2.74542E-09
RA16O2     1.69154E-02 3.67342E-12
AROH17     3.98556E-01 8.65523E-11
OXYL       6.22556E-05 1.35197E-14
RA19AO2    1.26540E-07 2.74800E-17
RA19CO2    5.42313E-08 1.17771E-17
CH3CO3     2.77445E+05 6.02513E-05
C2H5CHO    3.01520E+05 6.54795E-05
C2H5CO3    3.39080E+03 7.36364E-07
CH3COCH3   8.60093E+08 1.86782E-01
RN8O2      3.00609E+04 6.52818E-06
RN11O2     4.00540E+03 8.69832E-07
CH3OH      1.57651E+09 3.42362E-01
C2H5OH     1.23898E+05 2.69063E-05
NPROPOL    3.09296E+03 6.71682E-07
IPROPOL    4.16499E+02 9.04490E-08
CH3CL      0.00000E+00 0.00000E+00
CH2CL2     0.00000E+00 0.00000E+00
CHCL3      0.00000E+00 0.00000E+00
CH3CCL3    0.00000E+00 0.00000E+00
TCE        0.00000E+00 0.00000E+00
TRICLETH   0.00000E+00 0.00000E+00
CDICLETH   0.00000E+00 0.00000E+00
TDICLETH   0.00000E+00 0.00000E+00
CARB11A    1.39642E+07 3.03254E-03
RN16O2     1.87126E+01 4.06371E-09
RN15AO2    3.19929E+00 6.94774E-10
RN19O2     0.00000E+00 0.00000E+00
RN18AO2    0.00000E+00 0.00000E+00
RN13AO2    0.00000E+00 0.00000E+00
RN16AO2    0.00000E+00 0.00000E+00
RN15O2     3.95134E-02 8.58093E-12
UDCARB8    2.56501E+04 5.57031E-06
UDCARB11   4.62322E-01 1.00400E-10
CARB6      7.28336E+05 1.58169E-04
UDCARB14   1.30826E-07 2.84109E-17
CARB9      5.32814E+04 1.15708E-05
MEK        6.71503E+05 1.45827E-04
HOCH2CHO   1.85228E+05 4.02251E-05
RN18O2     0.00000E+00 0.00000E+00
CARB13     4.33429E+05 9.41255E-05
CARB16     6.08277E+03 1.32097E-06
HOCH2CO3   1.10208E+03 2.39332E-07
RN14O2     1.38713E+01 3.01236E-09
RN17O2     0.00000E+00 0.00000E+00
UCARB12    1.90659E-04 4.14046E-14
RU12O2     6.93564E+00 1.50618E-09
CARB7      5.58475E+03 1.21281E-06
RU10O2     1.20298E+00 2.61245E-10
NUCARB12   2.61282E-31 5.67414E-41
NRU12O2    2.79627E-33 6.07252E-43
NOA        4.93523E-02 1.07176E-11
RTN25O2    0.00000E+00 0.00000E+00
RTN24O2    0.00000E+00 0.00000E+00
RTN23O2    0.00000E+00 0.00000E+00
RTN14O2    0.00000E+00 0.00000E+00
TNCARB10   0.00000E+00 0.00000E+00
RTN10O2    0.00000E+00 0.00000E+00
RTX22O2    0.00000E+00 0.00000E+00
CH3NO3     2.10318E+06 4.56738E-04
C2H5NO3    1.36021E+05 2.95391E-05
RN10NO3    1.10143E+04 2.39193E-06
IC3H7NO3   4.24855E+04 9.22636E-06
RN13NO3    1.30604E+05 2.83625E-05
RN16NO3    2.49960E+02 5.42824E-08
RN19NO3    0.00000E+00 0.00000E+00
HOC2H4NO3  3.94090E+03 8.55826E-07
RN9NO3     4.03262E+02 8.75745E-08
RN12NO3    1.88154E+01 4.08604E-09
RN15NO3    5.11037E-01 1.10979E-10
RN18NO3    0.00000E+00 0.00000E+00
RU14NO3    1.49903E-03 3.25537E-13
RA13NO3    1.39338E+02 3.02593E-08
RA16NO3    3.27392E-03 7.10981E-13
RA19NO3    4.03615E-08 8.76511E-18
RTN28NO3   0.00000E+00 0.00000E+00
RTN25NO3   0.00000E+00 0.00000E+00
RTX28NO3   0.00000E+00 0.00000E+00
RTX24NO3   0.00000E+00 0.00000E+00
RTX22NO3   0.00000E+00 0.00000E+00
CH3OOH     3.75587E+08 8.15643E-02
C2H5OOH    9.18561E+06 1.99479E-03
RN10OOH    3.45289E+05 7.49847E-05
IC3H7OOH   5.55337E+05 1.20600E-04
RN13OOH    4.29005E+05 9.31649E-05
RN16OOH    1.69891E+03 3.68943E-07
RN19OOH    0.00000E+00 0.00000E+00
RA13OOH    4.48158E+04 9.73243E-06
RA16OOH    8.16698E-01 1.77358E-10
RA19OOH    8.19027E-06 1.77864E-15
HOC2H4OOH  1.45096E+05 3.15098E-05
RN9OOH     1.29913E+03 2.82126E-07
RN12OOH    1.67637E+01 3.64048E-09
RN15OOH    1.57228E+02 3.41443E-08
RN18OOH    0.00000E+00 0.00000E+00
CH3CO3H    8.97393E+07 1.94882E-02
C2H5CO3H   1.27240E+06 2.76321E-04
HOCH2CO3H  3.08590E+05 6.70150E-05
RN8OOH     6.94144E+06 1.50744E-03
RN11OOH    5.60194E+05 1.21654E-04
RN14OOH    1.66508E+03 3.61596E-07
RN17OOH    0.00000E+00 0.00000E+00
RU14OOH    4.98035E-50 1.08156E-59
RU12OOH    8.10511E+02 1.76015E-07
RU10OOH    1.31879E+02 2.86395E-08
NRN6OOH    1.59565E-03 3.46520E-13
NRN9OOH    1.62705E-05 3.53339E-15
NRN12OOH   6.79417E-08 1.47546E-17
NRU14OOH   4.15224E-73 9.01720E-83
NRU12OOH   1.44291E-19 3.13350E-29
RTN28OOH   0.00000E+00 0.00000E+00
NRTN28OOH  0.00000E+00 0.00000E+00
RTN26OOH   0.00000E+00 0.00000E+00
RTN25OOH   0.00000E+00 0.00000E+00
RTN24OOH   0.00000E+00 0.00000E+00
RTN23OOH   0.00000E+00 0.00000E+00
RTN14OOH   0.00000E+00 0.00000E+00
RTN10OOH   0.00000E+00 0.00000E+00
RTX28OOH   0.00000E+00 0.00000E+00
RTX24OOH   0.00000E+00 0.00000E+00
RTX22OOH   0.00000E+00 0.00000E+00
NRTX28OOH  0.00000E+00 0.00000E+00
CARB14     3.06386E+03 6.65363E-07
CARB17     0.00000E+00 0.00000E+00
CARB10     9.74763E+01 2.11684E-08
CARB12     2.01404E+02 4.37378E-08
CARB15     0.00000E+00 0.00000E+00
CCARB12    0.00000E+00 0.00000E+00
ANHY       2.35884E+06 5.12256E-04
TNCARB15   0.00000E+00 0.00000E+00
RAROH14    1.41027E+05 3.06262E-05
ARNOH14    9.64358E+06 2.09425E-03
RAROH17    7.50075E-01 1.62890E-10
ARNOH17    5.99100E+04 1.30104E-05
PAN        5.33237E+08 1.15800E-01
PPN        3.73899E+05 8.11977E-05
PHAN       3.37393E+05 7.32698E-05
RU12PAN    1.41432E+00 3.07140E-10
MPAN       1.50411E+01 3.26639E-09
RTN26PAN   0.00000E+00 0.00000E+00
P2604      0.00000E+00 0.00000E+00
P4608      0.00000E+00 0.00000E+00
P2631      0.00000E+00 0.00000E+00
P2635      0.00000E+00 0.00000E+00
P4610      0.00000E+00 0.00000E+00
P2605      0.00000E+00 0.00000E+00
P2630      0.00000E+00 0.00000E+00
P2629      0.00000E+00 0.00000E+00
P2632      0.00000E+00 0.00000E+00
P2637      0.00000E+00 0.00000E+00
P3612      6.37505E+05 1.38444E-04
P3613      1.48790E+04 3.23120E-06
P3442      1.41525E+06 3.07343E-04
CH3O2NO2   1.27065E+06 2.75940E-04
EMPOA      0.00000E+00 0.00000E+00
P2007      0.00000E+00 0.00000E+00
DUMMY      0.00000E+00 0.00000E+00
